d:\c++\opengl\gameoflife\bin\intermediates\x64\vc142.pdb
d:\c++\opengl\gameoflife\bin\intermediates\x64\source.obj
d:\c++\opengl\gameoflife\bin\intermediates\x64\main.obj
d:\c++\opengl\gameoflife\bin\x64\gameoflife.ipdb
d:\c++\opengl\gameoflife\bin\x64\gameoflife.iobj
d:\c++\opengl\gameoflife\bin\x64\gameoflife.exe
d:\c++\opengl\gameoflife\bin\x64\gameoflife.pdb
d:\c++\opengl\gameoflife\bin\intermediates\x64\gameoflife.res
d:\c++\opengl\gameoflife\bin\intermediates\x64\vc142.idb
d:\c++\opengl\gameoflife\bin\x64\\gameoflife.pdb
d:\c++\opengl\gameoflife\bin\intermediates\x64\gameoflife.tlog\cl.command.1.tlog
d:\c++\opengl\gameoflife\bin\intermediates\x64\gameoflife.tlog\cl.read.1.tlog
d:\c++\opengl\gameoflife\bin\intermediates\x64\gameoflife.tlog\cl.write.1.tlog
d:\c++\opengl\gameoflife\bin\intermediates\x64\gameoflife.tlog\gameoflife.write.1u.tlog
d:\c++\opengl\gameoflife\bin\intermediates\x64\gameoflife.tlog\link.command.1.tlog
d:\c++\opengl\gameoflife\bin\intermediates\x64\gameoflife.tlog\link.read.1.tlog
d:\c++\opengl\gameoflife\bin\intermediates\x64\gameoflife.tlog\link.read.14.tlog
d:\c++\opengl\gameoflife\bin\intermediates\x64\gameoflife.tlog\link.read.19.tlog
d:\c++\opengl\gameoflife\bin\intermediates\x64\gameoflife.tlog\link.write.1.tlog
d:\c++\opengl\gameoflife\bin\intermediates\x64\gameoflife.tlog\rc.command.1.tlog
d:\c++\opengl\gameoflife\bin\intermediates\x64\gameoflife.tlog\rc.read.1.tlog
d:\c++\opengl\gameoflife\bin\intermediates\x64\gameoflife.tlog\rc.write.1.tlog
